<?xml version="1.0" encoding="UTF-8"?>
<!-- Generated by org.testng.reporters.JUnitReportReporter -->
<testsuite skipped="0" hostname="BoopathiPC" name="Parameter.CorrectPass" tests="1" failures="0" timestamp="2020-08-09T08:11:10 IST" time="9.421" errors="0">
  <testcase name="correctpass" time="9.421" classname="Parameter.CorrectPass"/>
  <system-out/>
</testsuite> <!-- Parameter.CorrectPass -->
