<?xml version="1.0" encoding="UTF-8"?>
<!-- Generated by org.testng.reporters.JUnitReportReporter -->
<testsuite skipped="0" hostname="BoopathiPC" name="Parameter.BothIncorrect" tests="1" failures="0" timestamp="2020-08-09T08:11:10 IST" time="9.931" errors="0">
  <testcase name="bothINcorrect" time="9.931" classname="Parameter.BothIncorrect"/>
  <system-out/>
</testsuite> <!-- Parameter.BothIncorrect -->
