<?xml version="1.0" encoding="UTF-8"?>
<!-- Generated by org.testng.reporters.JUnitReportReporter -->
<testsuite skipped="0" hostname="BoopathiPC" name="Parameter.BothCorrect" tests="1" failures="0" timestamp="2020-08-09T08:11:10 IST" time="22.499" errors="0">
  <testcase name="bothcorrect" time="22.499" classname="Parameter.BothCorrect"/>
  <system-out/>
</testsuite> <!-- Parameter.BothCorrect -->
