<?xml version="1.0" encoding="UTF-8"?>
<!-- Generated by org.testng.reporters.JUnitReportReporter -->
<testsuite skipped="0" hostname="BoopathiPC" name="Login" tests="4" failures="0" timestamp="2020-08-09T11:36:04 IST" time="43.087" errors="0">
  <testcase name="LoginPage" time="14.318" classname="Login"/>
  <system-out/>
  <testcase name="LoginPage" time="10.048" classname="Login"/>
  <system-out/>
  <testcase name="LoginPage" time="9.777" classname="Login"/>
  <system-out/>
  <testcase name="LoginPage" time="8.944" classname="Login"/>
  <system-out/>
</testsuite> <!-- Login -->
